[debug] [2020-09-23T09:22:12.101Z] ----------------------------------------------------------------------
[debug] [2020-09-23T09:22:12.103Z] Command:       C:\Program Files\nodejs\node.exe C:\Users\hieun\AppData\Roaming\npm\node_modules\firebase-tools\lib\bin\firebase.js emulators:start --only functions
[debug] [2020-09-23T09:22:12.103Z] CLI Version:   8.10.0
[debug] [2020-09-23T09:22:12.103Z] Platform:      win32
[debug] [2020-09-23T09:22:12.103Z] Node Version:  v12.18.1
[debug] [2020-09-23T09:22:12.104Z] Time:          Wed Sep 23 2020 02:22:12 GMT-0700 (Pacific Daylight Time)
[debug] [2020-09-23T09:22:12.104Z] ----------------------------------------------------------------------
[debug] [2020-09-23T09:22:12.104Z] 
[debug] [2020-09-23T09:22:12.112Z] > command requires scopes: ["email","openid","https://www.googleapis.com/auth/cloudplatformprojects.readonly","https://www.googleapis.com/auth/firebase","https://www.googleapis.com/auth/cloud-platform"]
[debug] [2020-09-23T09:22:12.113Z] > authorizing via signed-in user
[info] i  emulators: Starting emulators: functions {"metadata":{"emulator":{"name":"hub"},"message":"Starting emulators: functions"}}
[warn] !  emulators: It seems that you are running multiple instances of the emulator suite for project clone-a8485. This may result in unexpected behavior. 
[debug] [2020-09-23T09:22:14.137Z] [hub] writing locator at C:\Users\hieun\AppData\Local\Temp\hub-clone-a8485.json
[warn] !  functions: The following emulators are not running, calls to these services from the Functions emulator will affect production: firestore, database, hosting, pubsub {"metadata":{"emulator":{"name":"functions"},"message":"The following emulators are not running, calls to these services from the Functions emulator will affect production: \u001b[1mfirestore, database, hosting, pubsub\u001b[22m"}}
[warn] !  Your requested "node" version "10" doesn't match your global version "12" {"metadata":{"emulator":{"name":"functions"},"message":"Your requested \"node\" version \"10\" doesn't match your global version \"12\""}}
[debug] [2020-09-23T09:22:16.173Z] defaultcredentials: writing to file C:\Users\hieun\AppData\Roaming\firebase\hieunugent_gmail_com_application_default_credentials.json
[debug] [2020-09-23T09:22:16.176Z] Setting GAC to C:\Users\hieun\AppData\Roaming\firebase\hieunugent_gmail_com_application_default_credentials.json {"metadata":{"emulator":{"name":"functions"},"message":"Setting GAC to C:\\Users\\hieun\\AppData\\Roaming\\firebase\\hieunugent_gmail_com_application_default_credentials.json"}}
[warn] !  ui: Emulator UI unable to start on port 4000, starting on 4001 instead. {"metadata":{"emulator":{"name":"ui"},"message":"Emulator UI unable to start on port 4000, starting on 4001 instead."}}
[debug] [2020-09-23T09:22:18.212Z] Ignoring unsupported arg: auto_download {"metadata":{"emulator":{"name":"ui"},"message":"Ignoring unsupported arg: auto_download"}}
[debug] [2020-09-23T09:22:18.213Z] Ignoring unsupported arg: port {"metadata":{"emulator":{"name":"ui"},"message":"Ignoring unsupported arg: port"}}
[debug] [2020-09-23T09:22:18.213Z] Starting Emulator UI with command {"binary":"node","args":["C:\\Users\\hieun\\.cache\\firebase\\emulators\\ui-v1.1.1\\server.bundle.js"],"optionalArgs":[],"joinArgs":false} {"metadata":{"emulator":{"name":"ui"},"message":"Starting Emulator UI with command {\"binary\":\"node\",\"args\":[\"C:\\\\Users\\\\hieun\\\\.cache\\\\firebase\\\\emulators\\\\ui-v1.1.1\\\\server.bundle.js\"],\"optionalArgs\":[],\"joinArgs\":false}"}}
[info] i  ui: Emulator UI logging to ui-debug.log {"metadata":{"emulator":{"name":"ui"},"message":"Emulator UI logging to \u001b[1mui-debug.log\u001b[22m"}}
[debug] [2020-09-23T09:22:18.378Z] Web / API server started at http://localhost:4001
 {"metadata":{"emulator":{"name":"ui"},"message":"Web / API server started at http://localhost:4001\n"}}
[info] i  functions: Watching "C:\Users\hieun\Desktop\javaSc\amazon-clone\functions" for Cloud Functions... {"metadata":{"emulator":{"name":"functions"},"message":"Watching \"C:\\Users\\hieun\\Desktop\\javaSc\\amazon-clone\\functions\" for Cloud Functions..."}}
[debug] [2020-09-23T09:22:18.750Z] [worker-pool] addWorker(~diagnostic~) {"metadata":{"emulator":{"name":"functions"},"message":"[worker-pool] addWorker(~diagnostic~)"}}
[debug] [2020-09-23T09:22:18.750Z] [worker-pool] Adding worker with key ~diagnostic~, total=1 {"metadata":{"emulator":{"name":"functions"},"message":"[worker-pool] Adding worker with key ~diagnostic~, total=1"}}
[debug] [2020-09-23T09:22:18.751Z] [worker-pool] submitWork(triggerId=) {"metadata":{"emulator":{"name":"functions"},"message":"[worker-pool] submitWork(triggerId=)"}}
[debug] [2020-09-23T09:22:18.752Z] [worker-~diagnostic~-41947900-1cb1-4bff-b2b9-48e9161f1071]: Assigning socketPath: \\?\pipe\C:\Users\hieun\Desktop\javaSc\amazon-clone\functions\3308 {"metadata":{"emulator":{"name":"functions"},"message":"[worker-~diagnostic~-41947900-1cb1-4bff-b2b9-48e9161f1071]: Assigning socketPath: \\\\?\\pipe\\C:\\Users\\hieun\\Desktop\\javaSc\\amazon-clone\\functions\\3308"}}
[debug] [2020-09-23T09:22:18.753Z] [worker-~diagnostic~-41947900-1cb1-4bff-b2b9-48e9161f1071]: BUSY {"metadata":{"emulator":{"name":"functions"},"message":"[worker-~diagnostic~-41947900-1cb1-4bff-b2b9-48e9161f1071]: BUSY"}}
[debug] [2020-09-23T09:22:19.289Z] [runtime-status] [3308] Functions runtime initialized. {"cwd":"C:\\Users\\hieun\\Desktop\\javaSc\\amazon-clone\\functions","node_version":"12.18.1"} {"metadata":{"emulator":{"name":"functions"},"message":"[runtime-status] [3308] Functions runtime initialized. {\"cwd\":\"C:\\\\Users\\\\hieun\\\\Desktop\\\\javaSc\\\\amazon-clone\\\\functions\",\"node_version\":\"12.18.1\"}"}}
[debug] [2020-09-23T09:22:19.291Z] [runtime-status] [3308] Disabled runtime features: undefined {"metadata":{"emulator":{"name":"functions"},"message":"[runtime-status] [3308] Disabled runtime features: undefined"}}
[debug] [2020-09-23T09:22:19.295Z] [runtime-status] [3308] Resolved module firebase-admin {"declared":true,"installed":true,"version":"8.13.0","resolution":"C:\\Users\\hieun\\Desktop\\javaSc\\amazon-clone\\functions\\node_modules\\firebase-admin\\lib\\index.js"} {"metadata":{"emulator":{"name":"functions"},"message":"[runtime-status] [3308] Resolved module firebase-admin {\"declared\":true,\"installed\":true,\"version\":\"8.13.0\",\"resolution\":\"C:\\\\Users\\\\hieun\\\\Desktop\\\\javaSc\\\\amazon-clone\\\\functions\\\\node_modules\\\\firebase-admin\\\\lib\\\\index.js\"}"}}
[debug] [2020-09-23T09:22:19.299Z] [runtime-status] [3308] Resolved module firebase-functions {"declared":true,"installed":true,"version":"3.11.0","resolution":"C:\\Users\\hieun\\Desktop\\javaSc\\amazon-clone\\functions\\node_modules\\firebase-functions\\lib\\index.js"} {"metadata":{"emulator":{"name":"functions"},"message":"[runtime-status] [3308] Resolved module firebase-functions {\"declared\":true,\"installed\":true,\"version\":\"3.11.0\",\"resolution\":\"C:\\\\Users\\\\hieun\\\\Desktop\\\\javaSc\\\\amazon-clone\\\\functions\\\\node_modules\\\\firebase-functions\\\\lib\\\\index.js\"}"}}
[debug] [2020-09-23T09:22:19.300Z] [runtime-status] [3308] Resolved module firebase-functions {"declared":true,"installed":true,"version":"3.11.0","resolution":"C:\\Users\\hieun\\Desktop\\javaSc\\amazon-clone\\functions\\node_modules\\firebase-functions\\lib\\index.js"} {"metadata":{"emulator":{"name":"functions"},"message":"[runtime-status] [3308] Resolved module firebase-functions {\"declared\":true,\"installed\":true,\"version\":\"3.11.0\",\"resolution\":\"C:\\\\Users\\\\hieun\\\\Desktop\\\\javaSc\\\\amazon-clone\\\\functions\\\\node_modules\\\\firebase-functions\\\\lib\\\\index.js\"}"}}
[debug] [2020-09-23T09:22:19.302Z] [runtime-status] [3308] Outgoing network have been stubbed. [{"name":"http","status":"mocked"},{"name":"http","status":"mocked"},{"name":"https","status":"mocked"},{"name":"https","status":"mocked"},{"name":"net","status":"mocked"}] {"metadata":{"emulator":{"name":"functions"},"message":"[runtime-status] [3308] Outgoing network have been stubbed. [{\"name\":\"http\",\"status\":\"mocked\"},{\"name\":\"http\",\"status\":\"mocked\"},{\"name\":\"https\",\"status\":\"mocked\"},{\"name\":\"https\",\"status\":\"mocked\"},{\"name\":\"net\",\"status\":\"mocked\"}]"}}
[debug] [2020-09-23T09:22:19.302Z] [runtime-status] [3308] Resolved module firebase-functions {"declared":true,"installed":true,"version":"3.11.0","resolution":"C:\\Users\\hieun\\Desktop\\javaSc\\amazon-clone\\functions\\node_modules\\firebase-functions\\lib\\index.js"} {"metadata":{"emulator":{"name":"functions"},"message":"[runtime-status] [3308] Resolved module firebase-functions {\"declared\":true,\"installed\":true,\"version\":\"3.11.0\",\"resolution\":\"C:\\\\Users\\\\hieun\\\\Desktop\\\\javaSc\\\\amazon-clone\\\\functions\\\\node_modules\\\\firebase-functions\\\\lib\\\\index.js\"}"}}
[debug] [2020-09-23T09:22:19.347Z] [runtime-status] [3308] Checked functions.config() {"config":{}} {"metadata":{"emulator":{"name":"functions"},"message":"[runtime-status] [3308] Checked functions.config() {\"config\":{}}"}}
[debug] [2020-09-23T09:22:19.347Z] [runtime-status] [3308] firebase-functions has been stubbed. {"functionsResolution":{"declared":true,"installed":true,"version":"3.11.0","resolution":"C:\\Users\\hieun\\Desktop\\javaSc\\amazon-clone\\functions\\node_modules\\firebase-functions\\lib\\index.js"}} {"metadata":{"emulator":{"name":"functions"},"message":"[runtime-status] [3308] firebase-functions has been stubbed. {\"functionsResolution\":{\"declared\":true,\"installed\":true,\"version\":\"3.11.0\",\"resolution\":\"C:\\\\Users\\\\hieun\\\\Desktop\\\\javaSc\\\\amazon-clone\\\\functions\\\\node_modules\\\\firebase-functions\\\\lib\\\\index.js\"}}"}}
[debug] [2020-09-23T09:22:19.348Z] [runtime-status] [3308] Resolved module firebase-functions {"declared":true,"installed":true,"version":"3.11.0","resolution":"C:\\Users\\hieun\\Desktop\\javaSc\\amazon-clone\\functions\\node_modules\\firebase-functions\\lib\\index.js"} {"metadata":{"emulator":{"name":"functions"},"message":"[runtime-status] [3308] Resolved module firebase-functions {\"declared\":true,\"installed\":true,\"version\":\"3.11.0\",\"resolution\":\"C:\\\\Users\\\\hieun\\\\Desktop\\\\javaSc\\\\amazon-clone\\\\functions\\\\node_modules\\\\firebase-functions\\\\lib\\\\index.js\"}"}}
[debug] [2020-09-23T09:22:19.350Z] [runtime-status] [3308] Resolved module firebase-admin {"declared":true,"installed":true,"version":"8.13.0","resolution":"C:\\Users\\hieun\\Desktop\\javaSc\\amazon-clone\\functions\\node_modules\\firebase-admin\\lib\\index.js"} {"metadata":{"emulator":{"name":"functions"},"message":"[runtime-status] [3308] Resolved module firebase-admin {\"declared\":true,\"installed\":true,\"version\":\"8.13.0\",\"resolution\":\"C:\\\\Users\\\\hieun\\\\Desktop\\\\javaSc\\\\amazon-clone\\\\functions\\\\node_modules\\\\firebase-admin\\\\lib\\\\index.js\"}"}}
[debug] [2020-09-23T09:22:19.351Z] [runtime-status] [3308] Resolved module firebase-functions {"declared":true,"installed":true,"version":"3.11.0","resolution":"C:\\Users\\hieun\\Desktop\\javaSc\\amazon-clone\\functions\\node_modules\\firebase-functions\\lib\\index.js"} {"metadata":{"emulator":{"name":"functions"},"message":"[runtime-status] [3308] Resolved module firebase-functions {\"declared\":true,\"installed\":true,\"version\":\"3.11.0\",\"resolution\":\"C:\\\\Users\\\\hieun\\\\Desktop\\\\javaSc\\\\amazon-clone\\\\functions\\\\node_modules\\\\firebase-functions\\\\lib\\\\index.js\"}"}}
[debug] [2020-09-23T09:22:19.351Z] [runtime-status] [3308] firebase-admin has been stubbed. {"adminResolution":{"declared":true,"installed":true,"version":"8.13.0","resolution":"C:\\Users\\hieun\\Desktop\\javaSc\\amazon-clone\\functions\\node_modules\\firebase-admin\\lib\\index.js"}} {"metadata":{"emulator":{"name":"functions"},"message":"[runtime-status] [3308] firebase-admin has been stubbed. {\"adminResolution\":{\"declared\":true,\"installed\":true,\"version\":\"8.13.0\",\"resolution\":\"C:\\\\Users\\\\hieun\\\\Desktop\\\\javaSc\\\\amazon-clone\\\\functions\\\\node_modules\\\\firebase-admin\\\\lib\\\\index.js\"}}"}}
[info] +  functions[api]: http function initialized (http://localhost:5001/clone-a8485/us-central1/api). {"metadata":{"emulator":{"name":"functions"},"message":"\u001b[1mhttp\u001b[22m function initialized (http://localhost:5001/clone-a8485/us-central1/api)."}}
[info] 
┌───────────────────────────────────────────────────────────────────────┐
│ ✔  All emulators ready! View status and logs at http://localhost:4001 │
└───────────────────────────────────────────────────────────────────────┘

┌───────────┬────────────────┬─────────────────────────────────┐
│ Emulator  │ Host:Port      │ View in Emulator UI             │
├───────────┼────────────────┼─────────────────────────────────┤
│ Functions │ localhost:5001 │ http://localhost:4001/functions │
└───────────┴────────────────┴─────────────────────────────────┘
  Other reserved ports: 4400, 4500

Issues? Report them at https://github.com/firebase/firebase-tools/issues and attach the *-debug.log files.
 
[debug] [2020-09-23T09:22:19.563Z] [worker-~diagnostic~-41947900-1cb1-4bff-b2b9-48e9161f1071]: IDLE {"metadata":{"emulator":{"name":"functions"},"message":"[worker-~diagnostic~-41947900-1cb1-4bff-b2b9-48e9161f1071]: IDLE"}}
[debug] [2020-09-23T09:22:35.983Z] [work-queue] {"queueLength":1,"workRunningCount":0}
[debug] [2020-09-23T09:22:35.983Z] [work-queue] {"queueLength":0,"workRunningCount":1}
[debug] [2020-09-23T09:22:35.984Z] Accepted request GET /clone-a8485/us-central1/api --> api
[debug] [2020-09-23T09:22:35.991Z] [worker-pool] addWorker(api) {"metadata":{"emulator":{"name":"functions"},"message":"[worker-pool] addWorker(api)"}}
[debug] [2020-09-23T09:22:35.991Z] [worker-pool] Adding worker with key api, total=1 {"metadata":{"emulator":{"name":"functions"},"message":"[worker-pool] Adding worker with key api, total=1"}}
[debug] [2020-09-23T09:22:35.991Z] [worker-pool] submitWork(triggerId=api) {"metadata":{"emulator":{"name":"functions"},"message":"[worker-pool] submitWork(triggerId=api)"}}
[debug] [2020-09-23T09:22:35.992Z] [worker-api-893396ac-5da1-45a8-b2ca-f2541697a165]: Assigning socketPath: \\?\pipe\C:\Users\hieun\Desktop\javaSc\amazon-clone\functions\10792 {"metadata":{"emulator":{"name":"functions"},"message":"[worker-api-893396ac-5da1-45a8-b2ca-f2541697a165]: Assigning socketPath: \\\\?\\pipe\\C:\\Users\\hieun\\Desktop\\javaSc\\amazon-clone\\functions\\10792"}}
[debug] [2020-09-23T09:22:35.992Z] [worker-api-893396ac-5da1-45a8-b2ca-f2541697a165]: BUSY {"metadata":{"emulator":{"name":"functions"},"message":"[worker-api-893396ac-5da1-45a8-b2ca-f2541697a165]: BUSY"}}
[debug] [2020-09-23T09:22:36.521Z] [runtime-status] [10792] Functions runtime initialized. {"cwd":"C:\\Users\\hieun\\Desktop\\javaSc\\amazon-clone\\functions","node_version":"12.18.1"} {"metadata":{"emulator":{"name":"functions"},"function":{"name":"api"},"message":"[runtime-status] [10792] Functions runtime initialized. {\"cwd\":\"C:\\\\Users\\\\hieun\\\\Desktop\\\\javaSc\\\\amazon-clone\\\\functions\",\"node_version\":\"12.18.1\"}"}}
[debug] [2020-09-23T09:22:36.523Z] [runtime-status] [10792] Disabled runtime features: undefined {"metadata":{"emulator":{"name":"functions"},"function":{"name":"api"},"message":"[runtime-status] [10792] Disabled runtime features: undefined"}}
[debug] [2020-09-23T09:22:36.526Z] [runtime-status] [10792] Resolved module firebase-admin {"declared":true,"installed":true,"version":"8.13.0","resolution":"C:\\Users\\hieun\\Desktop\\javaSc\\amazon-clone\\functions\\node_modules\\firebase-admin\\lib\\index.js"} {"metadata":{"emulator":{"name":"functions"},"function":{"name":"api"},"message":"[runtime-status] [10792] Resolved module firebase-admin {\"declared\":true,\"installed\":true,\"version\":\"8.13.0\",\"resolution\":\"C:\\\\Users\\\\hieun\\\\Desktop\\\\javaSc\\\\amazon-clone\\\\functions\\\\node_modules\\\\firebase-admin\\\\lib\\\\index.js\"}"}}
[debug] [2020-09-23T09:22:36.531Z] [runtime-status] [10792] Resolved module firebase-functions {"declared":true,"installed":true,"version":"3.11.0","resolution":"C:\\Users\\hieun\\Desktop\\javaSc\\amazon-clone\\functions\\node_modules\\firebase-functions\\lib\\index.js"} {"metadata":{"emulator":{"name":"functions"},"function":{"name":"api"},"message":"[runtime-status] [10792] Resolved module firebase-functions {\"declared\":true,\"installed\":true,\"version\":\"3.11.0\",\"resolution\":\"C:\\\\Users\\\\hieun\\\\Desktop\\\\javaSc\\\\amazon-clone\\\\functions\\\\node_modules\\\\firebase-functions\\\\lib\\\\index.js\"}"}}
[debug] [2020-09-23T09:22:36.533Z] [runtime-status] [10792] Resolved module firebase-functions {"declared":true,"installed":true,"version":"3.11.0","resolution":"C:\\Users\\hieun\\Desktop\\javaSc\\amazon-clone\\functions\\node_modules\\firebase-functions\\lib\\index.js"} {"metadata":{"emulator":{"name":"functions"},"function":{"name":"api"},"message":"[runtime-status] [10792] Resolved module firebase-functions {\"declared\":true,\"installed\":true,\"version\":\"3.11.0\",\"resolution\":\"C:\\\\Users\\\\hieun\\\\Desktop\\\\javaSc\\\\amazon-clone\\\\functions\\\\node_modules\\\\firebase-functions\\\\lib\\\\index.js\"}"}}
[debug] [2020-09-23T09:22:36.535Z] [runtime-status] [10792] Outgoing network have been stubbed. [{"name":"http","status":"mocked"},{"name":"http","status":"mocked"},{"name":"https","status":"mocked"},{"name":"https","status":"mocked"},{"name":"net","status":"mocked"}] {"metadata":{"emulator":{"name":"functions"},"function":{"name":"api"},"message":"[runtime-status] [10792] Outgoing network have been stubbed. [{\"name\":\"http\",\"status\":\"mocked\"},{\"name\":\"http\",\"status\":\"mocked\"},{\"name\":\"https\",\"status\":\"mocked\"},{\"name\":\"https\",\"status\":\"mocked\"},{\"name\":\"net\",\"status\":\"mocked\"}]"}}
[debug] [2020-09-23T09:22:36.536Z] [runtime-status] [10792] Resolved module firebase-functions {"declared":true,"installed":true,"version":"3.11.0","resolution":"C:\\Users\\hieun\\Desktop\\javaSc\\amazon-clone\\functions\\node_modules\\firebase-functions\\lib\\index.js"} {"metadata":{"emulator":{"name":"functions"},"function":{"name":"api"},"message":"[runtime-status] [10792] Resolved module firebase-functions {\"declared\":true,\"installed\":true,\"version\":\"3.11.0\",\"resolution\":\"C:\\\\Users\\\\hieun\\\\Desktop\\\\javaSc\\\\amazon-clone\\\\functions\\\\node_modules\\\\firebase-functions\\\\lib\\\\index.js\"}"}}
[debug] [2020-09-23T09:22:36.584Z] [runtime-status] [10792] Checked functions.config() {"config":{}} {"metadata":{"emulator":{"name":"functions"},"function":{"name":"api"},"message":"[runtime-status] [10792] Checked functions.config() {\"config\":{}}"}}
[debug] [2020-09-23T09:22:36.585Z] [runtime-status] [10792] firebase-functions has been stubbed. {"functionsResolution":{"declared":true,"installed":true,"version":"3.11.0","resolution":"C:\\Users\\hieun\\Desktop\\javaSc\\amazon-clone\\functions\\node_modules\\firebase-functions\\lib\\index.js"}} {"metadata":{"emulator":{"name":"functions"},"function":{"name":"api"},"message":"[runtime-status] [10792] firebase-functions has been stubbed. {\"functionsResolution\":{\"declared\":true,\"installed\":true,\"version\":\"3.11.0\",\"resolution\":\"C:\\\\Users\\\\hieun\\\\Desktop\\\\javaSc\\\\amazon-clone\\\\functions\\\\node_modules\\\\firebase-functions\\\\lib\\\\index.js\"}}"}}
[debug] [2020-09-23T09:22:36.585Z] [runtime-status] [10792] Resolved module firebase-functions {"declared":true,"installed":true,"version":"3.11.0","resolution":"C:\\Users\\hieun\\Desktop\\javaSc\\amazon-clone\\functions\\node_modules\\firebase-functions\\lib\\index.js"} {"metadata":{"emulator":{"name":"functions"},"function":{"name":"api"},"message":"[runtime-status] [10792] Resolved module firebase-functions {\"declared\":true,\"installed\":true,\"version\":\"3.11.0\",\"resolution\":\"C:\\\\Users\\\\hieun\\\\Desktop\\\\javaSc\\\\amazon-clone\\\\functions\\\\node_modules\\\\firebase-functions\\\\lib\\\\index.js\"}"}}
[debug] [2020-09-23T09:22:36.586Z] [runtime-status] [10792] Resolved module firebase-admin {"declared":true,"installed":true,"version":"8.13.0","resolution":"C:\\Users\\hieun\\Desktop\\javaSc\\amazon-clone\\functions\\node_modules\\firebase-admin\\lib\\index.js"} {"metadata":{"emulator":{"name":"functions"},"function":{"name":"api"},"message":"[runtime-status] [10792] Resolved module firebase-admin {\"declared\":true,\"installed\":true,\"version\":\"8.13.0\",\"resolution\":\"C:\\\\Users\\\\hieun\\\\Desktop\\\\javaSc\\\\amazon-clone\\\\functions\\\\node_modules\\\\firebase-admin\\\\lib\\\\index.js\"}"}}
[debug] [2020-09-23T09:22:36.587Z] [runtime-status] [10792] Resolved module firebase-functions {"declared":true,"installed":true,"version":"3.11.0","resolution":"C:\\Users\\hieun\\Desktop\\javaSc\\amazon-clone\\functions\\node_modules\\firebase-functions\\lib\\index.js"} {"metadata":{"emulator":{"name":"functions"},"function":{"name":"api"},"message":"[runtime-status] [10792] Resolved module firebase-functions {\"declared\":true,\"installed\":true,\"version\":\"3.11.0\",\"resolution\":\"C:\\\\Users\\\\hieun\\\\Desktop\\\\javaSc\\\\amazon-clone\\\\functions\\\\node_modules\\\\firebase-functions\\\\lib\\\\index.js\"}"}}
[debug] [2020-09-23T09:22:36.588Z] [runtime-status] [10792] firebase-admin has been stubbed. {"adminResolution":{"declared":true,"installed":true,"version":"8.13.0","resolution":"C:\\Users\\hieun\\Desktop\\javaSc\\amazon-clone\\functions\\node_modules\\firebase-admin\\lib\\index.js"}} {"metadata":{"emulator":{"name":"functions"},"function":{"name":"api"},"message":"[runtime-status] [10792] firebase-admin has been stubbed. {\"adminResolution\":{\"declared\":true,\"installed\":true,\"version\":\"8.13.0\",\"resolution\":\"C:\\\\Users\\\\hieun\\\\Desktop\\\\javaSc\\\\amazon-clone\\\\functions\\\\node_modules\\\\firebase-admin\\\\lib\\\\index.js\"}}"}}
[debug] [2020-09-23T09:22:36.788Z] [runtime-status] [10792] Trigger "api" has been found, beginning invocation! {"metadata":{"emulator":{"name":"functions"},"function":{"name":"api"},"message":"[runtime-status] [10792] Trigger \"api\" has been found, beginning invocation!"}}
[info] i  functions: Beginning execution of "api" {"metadata":{"emulator":{"name":"functions"},"function":{"name":"api"},"message":"Beginning execution of \"api\""}}
[debug] [2020-09-23T09:22:36.789Z] [runtime-status] [10792] triggerDefinition {"httpsTrigger":{},"name":"api","entryPoint":"api"} {"metadata":{"emulator":{"name":"functions"},"function":{"name":"api"},"message":"[runtime-status] [10792] triggerDefinition {\"httpsTrigger\":{},\"name\":\"api\",\"entryPoint\":\"api\"}"}}
[debug] [2020-09-23T09:22:36.789Z] [runtime-status] [10792] Running api in mode HTTPS {"metadata":{"emulator":{"name":"functions"},"function":{"name":"api"},"message":"[runtime-status] [10792] Running api in mode HTTPS"}}
[debug] [2020-09-23T09:22:36.793Z] [runtime-status] [10792] Attempting to listen to socketPath: \\?\pipe\C:\Users\hieun\Desktop\javaSc\amazon-clone\functions\10792 {"metadata":{"emulator":{"name":"functions"},"function":{"name":"api"},"message":"[runtime-status] [10792] Attempting to listen to socketPath: \\\\?\\pipe\\C:\\Users\\hieun\\Desktop\\javaSc\\amazon-clone\\functions\\10792"}}
[debug] [2020-09-23T09:22:36.796Z] [functions] Runtime ready! Sending request! {"metadata":{"emulator":{"name":"functions"},"message":"[functions] Runtime ready! Sending request!"}}
[debug] [2020-09-23T09:22:36.804Z] [runtime-status] [10792] Ephemeral server handling GET request {"metadata":{"emulator":{"name":"functions"},"function":{"name":"api"},"message":"[runtime-status] [10792] Ephemeral server handling GET request"}}
[debug] [2020-09-23T09:22:36.811Z] [runtime-status] [10792] Ephemeral server survived. {"metadata":{"emulator":{"name":"functions"},"function":{"name":"api"},"message":"[runtime-status] [10792] Ephemeral server survived."}}
[info] i  functions: Finished "api" in ~1s {"metadata":{"emulator":{"name":"functions"},"function":{"name":"api"},"message":"Finished \"api\" in ~1s"}}
[debug] [2020-09-23T09:22:36.814Z] [worker-api-893396ac-5da1-45a8-b2ca-f2541697a165]: IDLE {"metadata":{"emulator":{"name":"functions"},"message":"[worker-api-893396ac-5da1-45a8-b2ca-f2541697a165]: IDLE"}}
[debug] [2020-09-23T09:22:36.814Z] [work-queue] {"queueLength":0,"workRunningCount":0}
[debug] [2020-09-23T09:22:37.042Z] Functions emulator received unknown request at path /favicon.ico
[debug] [2020-09-23T09:24:05.914Z] File C:\Users\hieun\Desktop\javaSc\amazon-clone\functions\index.js changed, reloading triggers {"metadata":{"emulator":{"name":"functions"},"message":"File C:\\Users\\hieun\\Desktop\\javaSc\\amazon-clone\\functions\\index.js changed, reloading triggers"}}
[debug] [2020-09-23T09:24:06.915Z] [worker-pool] Shutting down IDLE worker (~diagnostic~) {"metadata":{"emulator":{"name":"functions"},"message":"[worker-pool] Shutting down IDLE worker (~diagnostic~)"}}
[debug] [2020-09-23T09:24:06.916Z] [worker-~diagnostic~-41947900-1cb1-4bff-b2b9-48e9161f1071]: FINISHING {"metadata":{"emulator":{"name":"functions"},"message":"[worker-~diagnostic~-41947900-1cb1-4bff-b2b9-48e9161f1071]: FINISHING"}}
[debug] [2020-09-23T09:24:06.917Z] [worker-pool] Shutting down IDLE worker (api) {"metadata":{"emulator":{"name":"functions"},"message":"[worker-pool] Shutting down IDLE worker (api)"}}
[debug] [2020-09-23T09:24:06.917Z] [worker-api-893396ac-5da1-45a8-b2ca-f2541697a165]: FINISHING {"metadata":{"emulator":{"name":"functions"},"message":"[worker-api-893396ac-5da1-45a8-b2ca-f2541697a165]: FINISHING"}}
[debug] [2020-09-23T09:24:06.928Z] [worker-pool] addWorker(~diagnostic~) {"metadata":{"emulator":{"name":"functions"},"message":"[worker-pool] addWorker(~diagnostic~)"}}
[debug] [2020-09-23T09:24:06.928Z] [worker-pool] Adding worker with key ~diagnostic~, total=2 {"metadata":{"emulator":{"name":"functions"},"message":"[worker-pool] Adding worker with key ~diagnostic~, total=2"}}
[debug] [2020-09-23T09:24:06.928Z] [worker-pool] submitWork(triggerId=) {"metadata":{"emulator":{"name":"functions"},"message":"[worker-pool] submitWork(triggerId=)"}}
[debug] [2020-09-23T09:24:06.928Z] [worker-~diagnostic~-618eb1ab-2bfd-494a-8a71-10b57a9bfc09]: Assigning socketPath: \\?\pipe\C:\Users\hieun\Desktop\javaSc\amazon-clone\functions\24844 {"metadata":{"emulator":{"name":"functions"},"message":"[worker-~diagnostic~-618eb1ab-2bfd-494a-8a71-10b57a9bfc09]: Assigning socketPath: \\\\?\\pipe\\C:\\Users\\hieun\\Desktop\\javaSc\\amazon-clone\\functions\\24844"}}
[debug] [2020-09-23T09:24:06.929Z] [worker-~diagnostic~-618eb1ab-2bfd-494a-8a71-10b57a9bfc09]: BUSY {"metadata":{"emulator":{"name":"functions"},"message":"[worker-~diagnostic~-618eb1ab-2bfd-494a-8a71-10b57a9bfc09]: BUSY"}}
[debug] [2020-09-23T09:24:06.943Z] [worker-~diagnostic~-41947900-1cb1-4bff-b2b9-48e9161f1071]: exited {"metadata":{"emulator":{"name":"functions"},"message":"[worker-~diagnostic~-41947900-1cb1-4bff-b2b9-48e9161f1071]: exited"}}
[debug] [2020-09-23T09:24:06.943Z] [worker-~diagnostic~-41947900-1cb1-4bff-b2b9-48e9161f1071]: FINISHED {"metadata":{"emulator":{"name":"functions"},"message":"[worker-~diagnostic~-41947900-1cb1-4bff-b2b9-48e9161f1071]: FINISHED"}}
[debug] [2020-09-23T09:24:06.952Z] [worker-api-893396ac-5da1-45a8-b2ca-f2541697a165]: exited {"metadata":{"emulator":{"name":"functions"},"message":"[worker-api-893396ac-5da1-45a8-b2ca-f2541697a165]: exited"}}
[debug] [2020-09-23T09:24:06.953Z] [worker-api-893396ac-5da1-45a8-b2ca-f2541697a165]: FINISHED {"metadata":{"emulator":{"name":"functions"},"message":"[worker-api-893396ac-5da1-45a8-b2ca-f2541697a165]: FINISHED"}}
[debug] [2020-09-23T09:24:07.712Z] [runtime-status] [24844] Functions runtime initialized. {"cwd":"C:\\Users\\hieun\\Desktop\\javaSc\\amazon-clone\\functions","node_version":"12.18.1"} {"metadata":{"emulator":{"name":"functions"},"message":"[runtime-status] [24844] Functions runtime initialized. {\"cwd\":\"C:\\\\Users\\\\hieun\\\\Desktop\\\\javaSc\\\\amazon-clone\\\\functions\",\"node_version\":\"12.18.1\"}"}}
[debug] [2020-09-23T09:24:07.716Z] [runtime-status] [24844] Disabled runtime features: undefined {"metadata":{"emulator":{"name":"functions"},"message":"[runtime-status] [24844] Disabled runtime features: undefined"}}
[debug] [2020-09-23T09:24:07.726Z] [runtime-status] [24844] Resolved module firebase-admin {"declared":true,"installed":true,"version":"8.13.0","resolution":"C:\\Users\\hieun\\Desktop\\javaSc\\amazon-clone\\functions\\node_modules\\firebase-admin\\lib\\index.js"} {"metadata":{"emulator":{"name":"functions"},"message":"[runtime-status] [24844] Resolved module firebase-admin {\"declared\":true,\"installed\":true,\"version\":\"8.13.0\",\"resolution\":\"C:\\\\Users\\\\hieun\\\\Desktop\\\\javaSc\\\\amazon-clone\\\\functions\\\\node_modules\\\\firebase-admin\\\\lib\\\\index.js\"}"}}
[debug] [2020-09-23T09:24:07.730Z] [runtime-status] [24844] Resolved module firebase-functions {"declared":true,"installed":true,"version":"3.11.0","resolution":"C:\\Users\\hieun\\Desktop\\javaSc\\amazon-clone\\functions\\node_modules\\firebase-functions\\lib\\index.js"} {"metadata":{"emulator":{"name":"functions"},"message":"[runtime-status] [24844] Resolved module firebase-functions {\"declared\":true,\"installed\":true,\"version\":\"3.11.0\",\"resolution\":\"C:\\\\Users\\\\hieun\\\\Desktop\\\\javaSc\\\\amazon-clone\\\\functions\\\\node_modules\\\\firebase-functions\\\\lib\\\\index.js\"}"}}
[debug] [2020-09-23T09:24:07.732Z] [runtime-status] [24844] Resolved module firebase-functions {"declared":true,"installed":true,"version":"3.11.0","resolution":"C:\\Users\\hieun\\Desktop\\javaSc\\amazon-clone\\functions\\node_modules\\firebase-functions\\lib\\index.js"} {"metadata":{"emulator":{"name":"functions"},"message":"[runtime-status] [24844] Resolved module firebase-functions {\"declared\":true,\"installed\":true,\"version\":\"3.11.0\",\"resolution\":\"C:\\\\Users\\\\hieun\\\\Desktop\\\\javaSc\\\\amazon-clone\\\\functions\\\\node_modules\\\\firebase-functions\\\\lib\\\\index.js\"}"}}
[debug] [2020-09-23T09:24:07.736Z] [runtime-status] [24844] Outgoing network have been stubbed. [{"name":"http","status":"mocked"},{"name":"http","status":"mocked"},{"name":"https","status":"mocked"},{"name":"https","status":"mocked"},{"name":"net","status":"mocked"}] {"metadata":{"emulator":{"name":"functions"},"message":"[runtime-status] [24844] Outgoing network have been stubbed. [{\"name\":\"http\",\"status\":\"mocked\"},{\"name\":\"http\",\"status\":\"mocked\"},{\"name\":\"https\",\"status\":\"mocked\"},{\"name\":\"https\",\"status\":\"mocked\"},{\"name\":\"net\",\"status\":\"mocked\"}]"}}
[debug] [2020-09-23T09:24:07.737Z] [runtime-status] [24844] Resolved module firebase-functions {"declared":true,"installed":true,"version":"3.11.0","resolution":"C:\\Users\\hieun\\Desktop\\javaSc\\amazon-clone\\functions\\node_modules\\firebase-functions\\lib\\index.js"} {"metadata":{"emulator":{"name":"functions"},"message":"[runtime-status] [24844] Resolved module firebase-functions {\"declared\":true,\"installed\":true,\"version\":\"3.11.0\",\"resolution\":\"C:\\\\Users\\\\hieun\\\\Desktop\\\\javaSc\\\\amazon-clone\\\\functions\\\\node_modules\\\\firebase-functions\\\\lib\\\\index.js\"}"}}
[debug] [2020-09-23T09:24:07.846Z] [runtime-status] [24844] Checked functions.config() {"config":{}} {"metadata":{"emulator":{"name":"functions"},"message":"[runtime-status] [24844] Checked functions.config() {\"config\":{}}"}}
[debug] [2020-09-23T09:24:07.846Z] [runtime-status] [24844] firebase-functions has been stubbed. {"functionsResolution":{"declared":true,"installed":true,"version":"3.11.0","resolution":"C:\\Users\\hieun\\Desktop\\javaSc\\amazon-clone\\functions\\node_modules\\firebase-functions\\lib\\index.js"}} {"metadata":{"emulator":{"name":"functions"},"message":"[runtime-status] [24844] firebase-functions has been stubbed. {\"functionsResolution\":{\"declared\":true,\"installed\":true,\"version\":\"3.11.0\",\"resolution\":\"C:\\\\Users\\\\hieun\\\\Desktop\\\\javaSc\\\\amazon-clone\\\\functions\\\\node_modules\\\\firebase-functions\\\\lib\\\\index.js\"}}"}}
[debug] [2020-09-23T09:24:07.848Z] [runtime-status] [24844] Resolved module firebase-functions {"declared":true,"installed":true,"version":"3.11.0","resolution":"C:\\Users\\hieun\\Desktop\\javaSc\\amazon-clone\\functions\\node_modules\\firebase-functions\\lib\\index.js"} {"metadata":{"emulator":{"name":"functions"},"message":"[runtime-status] [24844] Resolved module firebase-functions {\"declared\":true,\"installed\":true,\"version\":\"3.11.0\",\"resolution\":\"C:\\\\Users\\\\hieun\\\\Desktop\\\\javaSc\\\\amazon-clone\\\\functions\\\\node_modules\\\\firebase-functions\\\\lib\\\\index.js\"}"}}
[debug] [2020-09-23T09:24:07.850Z] [runtime-status] [24844] Resolved module firebase-admin {"declared":true,"installed":true,"version":"8.13.0","resolution":"C:\\Users\\hieun\\Desktop\\javaSc\\amazon-clone\\functions\\node_modules\\firebase-admin\\lib\\index.js"} {"metadata":{"emulator":{"name":"functions"},"message":"[runtime-status] [24844] Resolved module firebase-admin {\"declared\":true,\"installed\":true,\"version\":\"8.13.0\",\"resolution\":\"C:\\\\Users\\\\hieun\\\\Desktop\\\\javaSc\\\\amazon-clone\\\\functions\\\\node_modules\\\\firebase-admin\\\\lib\\\\index.js\"}"}}
[debug] [2020-09-23T09:24:07.852Z] [runtime-status] [24844] Resolved module firebase-functions {"declared":true,"installed":true,"version":"3.11.0","resolution":"C:\\Users\\hieun\\Desktop\\javaSc\\amazon-clone\\functions\\node_modules\\firebase-functions\\lib\\index.js"} {"metadata":{"emulator":{"name":"functions"},"message":"[runtime-status] [24844] Resolved module firebase-functions {\"declared\":true,\"installed\":true,\"version\":\"3.11.0\",\"resolution\":\"C:\\\\Users\\\\hieun\\\\Desktop\\\\javaSc\\\\amazon-clone\\\\functions\\\\node_modules\\\\firebase-functions\\\\lib\\\\index.js\"}"}}
[debug] [2020-09-23T09:24:07.852Z] [runtime-status] [24844] firebase-admin has been stubbed. {"adminResolution":{"declared":true,"installed":true,"version":"8.13.0","resolution":"C:\\Users\\hieun\\Desktop\\javaSc\\amazon-clone\\functions\\node_modules\\firebase-admin\\lib\\index.js"}} {"metadata":{"emulator":{"name":"functions"},"message":"[runtime-status] [24844] firebase-admin has been stubbed. {\"adminResolution\":{\"declared\":true,\"installed\":true,\"version\":\"8.13.0\",\"resolution\":\"C:\\\\Users\\\\hieun\\\\Desktop\\\\javaSc\\\\amazon-clone\\\\functions\\\\node_modules\\\\firebase-admin\\\\lib\\\\index.js\"}}"}}
[debug] [2020-09-23T09:24:08.086Z] [worker-~diagnostic~-618eb1ab-2bfd-494a-8a71-10b57a9bfc09]: IDLE {"metadata":{"emulator":{"name":"functions"},"message":"[worker-~diagnostic~-618eb1ab-2bfd-494a-8a71-10b57a9bfc09]: IDLE"}}
[debug] [2020-09-23T09:24:30.278Z] [work-queue] {"queueLength":1,"workRunningCount":0}
[debug] [2020-09-23T09:24:30.279Z] [work-queue] {"queueLength":0,"workRunningCount":1}
[debug] [2020-09-23T09:24:30.279Z] Accepted request GET /clone-a8485/us-central1/api/hieu --> api
[debug] [2020-09-23T09:24:30.279Z] [worker-pool] Cleaned up workers for ~diagnostic~: 2 --> 1 {"metadata":{"emulator":{"name":"functions"},"message":"[worker-pool] Cleaned up workers for ~diagnostic~: 2 --> 1"}}
[debug] [2020-09-23T09:24:30.279Z] [worker-pool] Cleaned up workers for api: 1 --> 0 {"metadata":{"emulator":{"name":"functions"},"message":"[worker-pool] Cleaned up workers for api: 1 --> 0"}}
[debug] [2020-09-23T09:24:30.286Z] [worker-pool] addWorker(api) {"metadata":{"emulator":{"name":"functions"},"message":"[worker-pool] addWorker(api)"}}
[debug] [2020-09-23T09:24:30.286Z] [worker-pool] Adding worker with key api, total=1 {"metadata":{"emulator":{"name":"functions"},"message":"[worker-pool] Adding worker with key api, total=1"}}
[debug] [2020-09-23T09:24:30.286Z] [worker-pool] submitWork(triggerId=api) {"metadata":{"emulator":{"name":"functions"},"message":"[worker-pool] submitWork(triggerId=api)"}}
[debug] [2020-09-23T09:24:30.286Z] [worker-api-e2f84cd7-00c3-46b9-a2ce-b06f7b499df6]: Assigning socketPath: \\?\pipe\C:\Users\hieun\Desktop\javaSc\amazon-clone\functions\22404 {"metadata":{"emulator":{"name":"functions"},"message":"[worker-api-e2f84cd7-00c3-46b9-a2ce-b06f7b499df6]: Assigning socketPath: \\\\?\\pipe\\C:\\Users\\hieun\\Desktop\\javaSc\\amazon-clone\\functions\\22404"}}
[debug] [2020-09-23T09:24:30.286Z] [worker-api-e2f84cd7-00c3-46b9-a2ce-b06f7b499df6]: BUSY {"metadata":{"emulator":{"name":"functions"},"message":"[worker-api-e2f84cd7-00c3-46b9-a2ce-b06f7b499df6]: BUSY"}}
[debug] [2020-09-23T09:24:30.723Z] [runtime-status] [22404] Functions runtime initialized. {"cwd":"C:\\Users\\hieun\\Desktop\\javaSc\\amazon-clone\\functions","node_version":"12.18.1"} {"metadata":{"emulator":{"name":"functions"},"function":{"name":"api"},"message":"[runtime-status] [22404] Functions runtime initialized. {\"cwd\":\"C:\\\\Users\\\\hieun\\\\Desktop\\\\javaSc\\\\amazon-clone\\\\functions\",\"node_version\":\"12.18.1\"}"}}
[debug] [2020-09-23T09:24:30.726Z] [runtime-status] [22404] Disabled runtime features: undefined {"metadata":{"emulator":{"name":"functions"},"function":{"name":"api"},"message":"[runtime-status] [22404] Disabled runtime features: undefined"}}
[debug] [2020-09-23T09:24:30.732Z] [runtime-status] [22404] Resolved module firebase-admin {"declared":true,"installed":true,"version":"8.13.0","resolution":"C:\\Users\\hieun\\Desktop\\javaSc\\amazon-clone\\functions\\node_modules\\firebase-admin\\lib\\index.js"} {"metadata":{"emulator":{"name":"functions"},"function":{"name":"api"},"message":"[runtime-status] [22404] Resolved module firebase-admin {\"declared\":true,\"installed\":true,\"version\":\"8.13.0\",\"resolution\":\"C:\\\\Users\\\\hieun\\\\Desktop\\\\javaSc\\\\amazon-clone\\\\functions\\\\node_modules\\\\firebase-admin\\\\lib\\\\index.js\"}"}}
[debug] [2020-09-23T09:24:30.734Z] [runtime-status] [22404] Resolved module firebase-functions {"declared":true,"installed":true,"version":"3.11.0","resolution":"C:\\Users\\hieun\\Desktop\\javaSc\\amazon-clone\\functions\\node_modules\\firebase-functions\\lib\\index.js"} {"metadata":{"emulator":{"name":"functions"},"function":{"name":"api"},"message":"[runtime-status] [22404] Resolved module firebase-functions {\"declared\":true,\"installed\":true,\"version\":\"3.11.0\",\"resolution\":\"C:\\\\Users\\\\hieun\\\\Desktop\\\\javaSc\\\\amazon-clone\\\\functions\\\\node_modules\\\\firebase-functions\\\\lib\\\\index.js\"}"}}
[debug] [2020-09-23T09:24:30.735Z] [runtime-status] [22404] Resolved module firebase-functions {"declared":true,"installed":true,"version":"3.11.0","resolution":"C:\\Users\\hieun\\Desktop\\javaSc\\amazon-clone\\functions\\node_modules\\firebase-functions\\lib\\index.js"} {"metadata":{"emulator":{"name":"functions"},"function":{"name":"api"},"message":"[runtime-status] [22404] Resolved module firebase-functions {\"declared\":true,\"installed\":true,\"version\":\"3.11.0\",\"resolution\":\"C:\\\\Users\\\\hieun\\\\Desktop\\\\javaSc\\\\amazon-clone\\\\functions\\\\node_modules\\\\firebase-functions\\\\lib\\\\index.js\"}"}}
[debug] [2020-09-23T09:24:30.737Z] [runtime-status] [22404] Outgoing network have been stubbed. [{"name":"http","status":"mocked"},{"name":"http","status":"mocked"},{"name":"https","status":"mocked"},{"name":"https","status":"mocked"},{"name":"net","status":"mocked"}] {"metadata":{"emulator":{"name":"functions"},"function":{"name":"api"},"message":"[runtime-status] [22404] Outgoing network have been stubbed. [{\"name\":\"http\",\"status\":\"mocked\"},{\"name\":\"http\",\"status\":\"mocked\"},{\"name\":\"https\",\"status\":\"mocked\"},{\"name\":\"https\",\"status\":\"mocked\"},{\"name\":\"net\",\"status\":\"mocked\"}]"}}
[debug] [2020-09-23T09:24:30.737Z] [runtime-status] [22404] Resolved module firebase-functions {"declared":true,"installed":true,"version":"3.11.0","resolution":"C:\\Users\\hieun\\Desktop\\javaSc\\amazon-clone\\functions\\node_modules\\firebase-functions\\lib\\index.js"} {"metadata":{"emulator":{"name":"functions"},"function":{"name":"api"},"message":"[runtime-status] [22404] Resolved module firebase-functions {\"declared\":true,\"installed\":true,\"version\":\"3.11.0\",\"resolution\":\"C:\\\\Users\\\\hieun\\\\Desktop\\\\javaSc\\\\amazon-clone\\\\functions\\\\node_modules\\\\firebase-functions\\\\lib\\\\index.js\"}"}}
[debug] [2020-09-23T09:24:30.782Z] [runtime-status] [22404] Checked functions.config() {"config":{}} {"metadata":{"emulator":{"name":"functions"},"function":{"name":"api"},"message":"[runtime-status] [22404] Checked functions.config() {\"config\":{}}"}}
[debug] [2020-09-23T09:24:30.783Z] [runtime-status] [22404] firebase-functions has been stubbed. {"functionsResolution":{"declared":true,"installed":true,"version":"3.11.0","resolution":"C:\\Users\\hieun\\Desktop\\javaSc\\amazon-clone\\functions\\node_modules\\firebase-functions\\lib\\index.js"}} {"metadata":{"emulator":{"name":"functions"},"function":{"name":"api"},"message":"[runtime-status] [22404] firebase-functions has been stubbed. {\"functionsResolution\":{\"declared\":true,\"installed\":true,\"version\":\"3.11.0\",\"resolution\":\"C:\\\\Users\\\\hieun\\\\Desktop\\\\javaSc\\\\amazon-clone\\\\functions\\\\node_modules\\\\firebase-functions\\\\lib\\\\index.js\"}}"}}
[debug] [2020-09-23T09:24:30.783Z] [runtime-status] [22404] Resolved module firebase-functions {"declared":true,"installed":true,"version":"3.11.0","resolution":"C:\\Users\\hieun\\Desktop\\javaSc\\amazon-clone\\functions\\node_modules\\firebase-functions\\lib\\index.js"} {"metadata":{"emulator":{"name":"functions"},"function":{"name":"api"},"message":"[runtime-status] [22404] Resolved module firebase-functions {\"declared\":true,\"installed\":true,\"version\":\"3.11.0\",\"resolution\":\"C:\\\\Users\\\\hieun\\\\Desktop\\\\javaSc\\\\amazon-clone\\\\functions\\\\node_modules\\\\firebase-functions\\\\lib\\\\index.js\"}"}}
[debug] [2020-09-23T09:24:30.784Z] [runtime-status] [22404] Resolved module firebase-admin {"declared":true,"installed":true,"version":"8.13.0","resolution":"C:\\Users\\hieun\\Desktop\\javaSc\\amazon-clone\\functions\\node_modules\\firebase-admin\\lib\\index.js"} {"metadata":{"emulator":{"name":"functions"},"function":{"name":"api"},"message":"[runtime-status] [22404] Resolved module firebase-admin {\"declared\":true,\"installed\":true,\"version\":\"8.13.0\",\"resolution\":\"C:\\\\Users\\\\hieun\\\\Desktop\\\\javaSc\\\\amazon-clone\\\\functions\\\\node_modules\\\\firebase-admin\\\\lib\\\\index.js\"}"}}
[debug] [2020-09-23T09:24:30.785Z] [runtime-status] [22404] Resolved module firebase-functions {"declared":true,"installed":true,"version":"3.11.0","resolution":"C:\\Users\\hieun\\Desktop\\javaSc\\amazon-clone\\functions\\node_modules\\firebase-functions\\lib\\index.js"} {"metadata":{"emulator":{"name":"functions"},"function":{"name":"api"},"message":"[runtime-status] [22404] Resolved module firebase-functions {\"declared\":true,\"installed\":true,\"version\":\"3.11.0\",\"resolution\":\"C:\\\\Users\\\\hieun\\\\Desktop\\\\javaSc\\\\amazon-clone\\\\functions\\\\node_modules\\\\firebase-functions\\\\lib\\\\index.js\"}"}}
[debug] [2020-09-23T09:24:30.785Z] [runtime-status] [22404] firebase-admin has been stubbed. {"adminResolution":{"declared":true,"installed":true,"version":"8.13.0","resolution":"C:\\Users\\hieun\\Desktop\\javaSc\\amazon-clone\\functions\\node_modules\\firebase-admin\\lib\\index.js"}} {"metadata":{"emulator":{"name":"functions"},"function":{"name":"api"},"message":"[runtime-status] [22404] firebase-admin has been stubbed. {\"adminResolution\":{\"declared\":true,\"installed\":true,\"version\":\"8.13.0\",\"resolution\":\"C:\\\\Users\\\\hieun\\\\Desktop\\\\javaSc\\\\amazon-clone\\\\functions\\\\node_modules\\\\firebase-admin\\\\lib\\\\index.js\"}}"}}
[debug] [2020-09-23T09:24:30.963Z] [runtime-status] [22404] Trigger "api" has been found, beginning invocation! {"metadata":{"emulator":{"name":"functions"},"function":{"name":"api"},"message":"[runtime-status] [22404] Trigger \"api\" has been found, beginning invocation!"}}
[info] i  functions: Beginning execution of "api" {"metadata":{"emulator":{"name":"functions"},"function":{"name":"api"},"message":"Beginning execution of \"api\""}}
[debug] [2020-09-23T09:24:30.965Z] [runtime-status] [22404] triggerDefinition {"httpsTrigger":{},"name":"api","entryPoint":"api"} {"metadata":{"emulator":{"name":"functions"},"function":{"name":"api"},"message":"[runtime-status] [22404] triggerDefinition {\"httpsTrigger\":{},\"name\":\"api\",\"entryPoint\":\"api\"}"}}
[debug] [2020-09-23T09:24:30.965Z] [runtime-status] [22404] Running api in mode HTTPS {"metadata":{"emulator":{"name":"functions"},"function":{"name":"api"},"message":"[runtime-status] [22404] Running api in mode HTTPS"}}
[debug] [2020-09-23T09:24:30.969Z] [runtime-status] [22404] Attempting to listen to socketPath: \\?\pipe\C:\Users\hieun\Desktop\javaSc\amazon-clone\functions\22404 {"metadata":{"emulator":{"name":"functions"},"function":{"name":"api"},"message":"[runtime-status] [22404] Attempting to listen to socketPath: \\\\?\\pipe\\C:\\Users\\hieun\\Desktop\\javaSc\\amazon-clone\\functions\\22404"}}
[debug] [2020-09-23T09:24:30.971Z] [functions] Runtime ready! Sending request! {"metadata":{"emulator":{"name":"functions"},"message":"[functions] Runtime ready! Sending request!"}}
[debug] [2020-09-23T09:24:30.979Z] [runtime-status] [22404] Ephemeral server handling GET request {"metadata":{"emulator":{"name":"functions"},"function":{"name":"api"},"message":"[runtime-status] [22404] Ephemeral server handling GET request"}}
[debug] [2020-09-23T09:24:30.985Z] [runtime-status] [22404] Ephemeral server survived. {"metadata":{"emulator":{"name":"functions"},"function":{"name":"api"},"message":"[runtime-status] [22404] Ephemeral server survived."}}
[info] i  functions: Finished "api" in ~1s {"metadata":{"emulator":{"name":"functions"},"function":{"name":"api"},"message":"Finished \"api\" in ~1s"}}
[debug] [2020-09-23T09:24:30.990Z] [worker-api-e2f84cd7-00c3-46b9-a2ce-b06f7b499df6]: IDLE {"metadata":{"emulator":{"name":"functions"},"message":"[worker-api-e2f84cd7-00c3-46b9-a2ce-b06f7b499df6]: IDLE"}}
[debug] [2020-09-23T09:24:30.990Z] [work-queue] {"queueLength":0,"workRunningCount":0}
[debug] [2020-09-23T09:34:46.550Z] File C:\Users\hieun\Desktop\javaSc\amazon-clone\functions\index.js changed, reloading triggers {"metadata":{"emulator":{"name":"functions"},"message":"File C:\\Users\\hieun\\Desktop\\javaSc\\amazon-clone\\functions\\index.js changed, reloading triggers"}}
